<?xml version="1.0" encoding="UTF-8"?>
<!-- Generated by org.testng.reporters.JUnitXMLReporter -->
<testsuite ignored="6" hostname="Shobans-MacBook-Pro.local" failures="1" tests="1" name="Default test" time="33.419" errors="0" timestamp="2022-10-18T20:00:54 IST">
  <testcase classname="testsuite.TestSuite" name="ToVerifyProductsAddedToCartSucccessfully" time="30.047">
    <failure type="java.lang.AssertionError" message="expected [Product successfully added to your shopping car] but found [Product successfully added to your shopping cart]">
      <![CDATA[java.lang.AssertionError: expected [Product successfully added to your shopping car] but found [Product successfully added to your shopping cart]
at org.testng.Assert.fail(Assert.java:99)
at org.testng.Assert.failNotEquals(Assert.java:1037)
at org.testng.Assert.assertEqualsImpl(Assert.java:140)
at org.testng.Assert.assertEquals(Assert.java:122)
at org.testng.Assert.assertEquals(Assert.java:629)
at org.testng.Assert.assertEquals(Assert.java:639)
at testsuite.OrderProducts.assertProductAddedMessageIsDisplyed(OrderProducts.java:79)
at testsuite.TestSuite.ToVerifyProductsAddedToCartSucccessfully(TestSuite.java:15)
at java.base/jdk.internal.reflect.NativeMethodAccessorImpl.invoke0(Native Method)
at java.base/jdk.internal.reflect.NativeMethodAccessorImpl.invoke(NativeMethodAccessorImpl.java:77)
at java.base/jdk.internal.reflect.DelegatingMethodAccessorImpl.invoke(DelegatingMethodAccessorImpl.java:43)
at java.base/java.lang.reflect.Method.invoke(Method.java:568)
at org.testng.internal.MethodInvocationHelper.invokeMethod(MethodInvocationHelper.java:133)
at org.testng.internal.TestInvoker.invokeMethod(TestInvoker.java:598)
at org.testng.internal.TestInvoker.invokeTestMethod(TestInvoker.java:173)
at org.testng.internal.MethodRunner.runInSequence(MethodRunner.java:46)
at org.testng.internal.TestInvoker$MethodInvocationAgent.invoke(TestInvoker.java:824)
at org.testng.internal.TestInvoker.invokeTestMethods(TestInvoker.java:146)
at org.testng.internal.TestMethodWorker.invokeTestMethods(TestMethodWorker.java:146)
at org.testng.internal.TestMethodWorker.run(TestMethodWorker.java:128)
at java.base/java.util.ArrayList.forEach(ArrayList.java:1511)
at org.testng.TestRunner.privateRun(TestRunner.java:794)
at org.testng.TestRunner.run(TestRunner.java:596)
at org.testng.SuiteRunner.runTest(SuiteRunner.java:377)
at org.testng.SuiteRunner.runSequentially(SuiteRunner.java:371)
at org.testng.SuiteRunner.privateRun(SuiteRunner.java:332)
at org.testng.SuiteRunner.run(SuiteRunner.java:276)
at org.testng.SuiteRunnerWorker.runSuite(SuiteRunnerWorker.java:53)
at org.testng.SuiteRunnerWorker.run(SuiteRunnerWorker.java:96)
at org.testng.TestNG.runSuitesSequentially(TestNG.java:1212)
at org.testng.TestNG.runSuitesLocally(TestNG.java:1134)
at org.testng.TestNG.runSuites(TestNG.java:1063)
at org.testng.TestNG.run(TestNG.java:1031)
at org.testng.remote.AbstractRemoteTestNG.run(AbstractRemoteTestNG.java:115)
at org.testng.remote.RemoteTestNG.initAndRun(RemoteTestNG.java:251)
at org.testng.remote.RemoteTestNG.main(RemoteTestNG.java:77)
]]>
    </failure>
  </testcase> <!-- ToVerifyProductsAddedToCartSucccessfully -->
  <testcase classname="testsuite.OrderProducts" name="assertProductAddedMessageIsDisplyed" time="0.0">
    <ignored/>
  </testcase> <!-- assertProductAddedMessageIsDisplyed -->
  <testcase classname="testsuite.OrderProducts" name="clickFirstProductInHomePage" time="0.0">
    <ignored/>
  </testcase> <!-- clickFirstProductInHomePage -->
  <testcase classname="testsuite.OrderProducts" name="selectSizeFromDropDown" time="0.0">
    <ignored/>
  </testcase> <!-- selectSizeFromDropDown -->
  <testcase classname="testsuite.OrderProducts" name="clickAddToCartButton" time="0.0">
    <ignored/>
  </testcase> <!-- clickAddToCartButton -->
  <testcase classname="testsuite.OrderProducts" name="goToYourLogoPage" time="0.0">
    <ignored/>
  </testcase> <!-- goToYourLogoPage -->
  <testcase classname="testsuite.OrderProducts" name="clickProccedToCheckOutButton" time="0.0">
    <ignored/>
  </testcase> <!-- clickProccedToCheckOutButton -->
</testsuite> <!-- Default test -->
